<?xml version="1.0" encoding="UTF-8"?>
<!-- Generated by org.testng.reporters.JUnitXMLReporter -->
<testsuite ignored="0" hostname="DESKTOP-VSJMPEM" failures="0" tests="3" name="Default test" time="0.279" errors="0" timestamp="2024-05-06T15:42:34 IST">
  <testcase classname="com.nelkinda.FactorialTest" name="testFactorialOfNegativeNumber" time="0.039"/>
  <testcase classname="com.nelkinda.FactorialTest" name="testFactorialOfPositiveNumber" time="0.017"/>
  <testcase classname="com.nelkinda.FactorialTest" name="testFactorialOfZero" time="0.006"/>
</testsuite> <!-- Default test -->
