<?xml version="1.0" encoding="UTF-8"?>
<!-- Generated by org.testng.reporters.JUnitXMLReporter -->
<testsuite ignored="0" hostname="DESKTOP-VSJMPEM" failures="0" tests="3" name="FactorialTest" time="0.198" errors="0" timestamp="2024-05-06T15:35:48 IST">
  <testcase classname="com.nelkinda.FactorialTest" name="testFactorialOfNegativeNumber" time="0.033"/>
  <testcase classname="com.nelkinda.FactorialTest" name="testFactorialOfPositiveNumber" time="0.011"/>
  <testcase classname="com.nelkinda.FactorialTest" name="testFactorialOfZero" time="0.004"/>
</testsuite> <!-- FactorialTest -->
